Build started 1/22/2012 7:37:21 PM.
     1>Project "C:\Users\John\Documents\Visual Studio 2010\Projects\FriskyFox\FriskyFox\FriskyFox.vcxproj" on node 2 (build target(s)).
     1>InitializeBuildStatus:
         Touching "Release\FriskyFox.unsuccessfulbuild".
       ClCompile:
         All outputs are up-to-date.
         c:\Program Files (x86)\Microsoft Visual Studio 10.0\VC\bin\CL.exe /c /I"SFML-1.6/include" /Zi /nologo /W3 /WX- /O2 /Oi /Oy- /GL /D WIN32 /D NDEBUG /D _CONSOLE /D _UNICODE /D UNICODE /Gm- /EHsc /MD /GS /Gy /fp:precise /Zc:wchar_t /Zc:forScope /Yu"StdAfx.h" /Fp"Release\FriskyFox.pch" /Fo"Release\\" /Fd"Release\vc100.pdb" /Gd /TP /analyze- /errorReport:prompt Wall.cpp
         Wall.cpp
     1>Wall.cpp(9): warning C4244: 'argument' : conversion from 'unsigned int' to 'float', possible loss of data
     1>Wall.cpp(9): warning C4244: 'argument' : conversion from 'unsigned int' to 'float', possible loss of data
       Link:
         c:\Program Files (x86)\Microsoft Visual Studio 10.0\VC\bin\link.exe /ERRORREPORT:PROMPT /OUT:"C:\Users\John\Documents\Visual Studio 2010\Projects\FriskyFox\Release\FriskyFox.exe" /INCREMENTAL:NO /NOLOGO /LIBPATH:"SFML-1.6/lib" kernel32.lib user32.lib gdi32.lib winspool.lib comdlg32.lib advapi32.lib shell32.lib ole32.lib oleaut32.lib uuid.lib odbc32.lib odbccp32.lib "sfml-window.lib" "sfml-system.lib" "sfml-main.lib" "sfml-audio.lib" "sfml-graphics.lib" kernel32.lib user32.lib gdi32.lib winspool.lib comdlg32.lib advapi32.lib shell32.lib ole32.lib oleaut32.lib uuid.lib odbc32.lib odbccp32.lib /MANIFEST /ManifestFile:"Release\FriskyFox.exe.intermediate.manifest" /MANIFESTUAC:"level='asInvoker' uiAccess='false'" /DEBUG /PDB:"C:\Users\John\Documents\Visual Studio 2010\Projects\FriskyFox\Release\FriskyFox.pdb" /SUBSYSTEM:CONSOLE /OPT:REF /OPT:ICF /LTCG /TLBID:1 /DYNAMICBASE /NXCOMPAT /IMPLIB:"C:\Users\John\Documents\Visual Studio 2010\Projects\FriskyFox\Release\FriskyFox.lib" /MACHINE:X86 Release\BackgroundObjectManager.obj
         Release\BattleScreen.obj
         Release\FriskyFox.obj
         Release\Game.obj
         Release\GrassPatch.obj
         Release\ImageManager.obj
         Release\Player.obj
         Release\stdafx.obj
         Release\VisibleObject.obj
         Release\VisibleObjectManager.obj
         Release\Wall.obj
         Generating code
         Finished generating code
         FriskyFox.vcxproj -> C:\Users\John\Documents\Visual Studio 2010\Projects\FriskyFox\Release\FriskyFox.exe
       Manifest:
         c:\Program Files (x86)\Microsoft SDKs\Windows\v7.0A\bin\mt.exe /nologo /verbose /outputresource:"C:\Users\John\Documents\Visual Studio 2010\Projects\FriskyFox\Release\FriskyFox.exe;#1" /manifest Release\FriskyFox.exe.intermediate.manifest
       FinalizeBuildStatus:
         Deleting file "Release\FriskyFox.unsuccessfulbuild".
         Touching "Release\FriskyFox.lastbuildstate".
     1>Done Building Project "C:\Users\John\Documents\Visual Studio 2010\Projects\FriskyFox\FriskyFox\FriskyFox.vcxproj" (build target(s)).

Build succeeded.

Time Elapsed 00:00:02.60
